<?xml version="1.0" encoding="UTF-8"?>
<testng-results skipped="0" failed="0" ignored="0" total="1" passed="1">
  <reporter-output>
  </reporter-output>
  <suite name="Default suite" duration-ms="14881" started-at="2023-03-07T09:56:06 CST" finished-at="2023-03-07T09:56:21 CST">
    <groups>
    </groups>
    <test name="Default test" duration-ms="14881" started-at="2023-03-07T09:56:06 CST" finished-at="2023-03-07T09:56:21 CST">
      <class name="test.AddCustomerTest">
        <test-method status="PASS" signature="validCustomerShouldBeAbleToCreateCustomer()[pri:0, instance:test.AddCustomerTest@7fee8714]" name="validCustomerShouldBeAbleToCreateCustomer" duration-ms="14841" started-at="2023-03-07T09:56:06 CST" finished-at="2023-03-07T09:56:21 CST">
          <reporter-output>
          </reporter-output>
        </test-method> <!-- validCustomerShouldBeAbleToCreateCustomer -->
      </class> <!-- test.AddCustomerTest -->
    </test> <!-- Default test -->
  </suite> <!-- Default suite -->
</testng-results>
